
Showing logs for build [32mcb-kubecd-environment-pr-183-33-hllhc-1[0m stage [32mfrom-build-pack[0m and container [32mstep-credential-initializer-6xpxb[0m
{"level":"warn","ts":1584427392.4899325,"logger":"fallback-logger","caller":"logging/config.go:69","msg":"Fetch GitHub commit ID from kodata failed: \"ref: refs/heads/0.8.0-**-support-backwards-incompats\" is not a valid GitHub commit ID"}
{"level":"info","ts":1584427392.4907885,"logger":"fallback-logger","caller":"creds-init/main.go:40","msg":"Credentials initialized."}

Showing logs for build [32mcb-kubecd-environment-pr-183-33-hllhc-1[0m stage [32mfrom-build-pack[0m and container [32mstep-working-dir-initializer-qgmzp[0m
{"level":"warn","ts":1584427393.468165,"logger":"fallback-logger","caller":"logging/config.go:69","msg":"Fetch GitHub commit ID from kodata failed: open /var/run/ko/HEAD: no such file or directory"}
{"level":"info","ts":1584427393.4716933,"logger":"fallback-logger","caller":"bash/main.go:64","msg":"Successfully executed command \"sh -c mkdir -p /workspace/source\"; output "}

Showing logs for build [32mcb-kubecd-environment-pr-183-33-hllhc-1[0m stage [32mfrom-build-pack[0m and container [32mstep-place-tools[0m

Showing logs for build [32mcb-kubecd-environment-pr-183-33-hllhc-1[0m stage [32mfrom-build-pack[0m and container [32mstep-git-source-cb-kubecd-environment-pr-183-33-hllhc-rzsvp[0m
{"level":"warn","ts":1584427397.5926154,"logger":"fallback-logger","caller":"logging/config.go:69","msg":"Fetch GitHub commit ID from kodata failed: \"ref: refs/heads/0.8.0-**-support-backwards-incompats\" is not a valid GitHub commit ID"}
{"level":"info","ts":1584427398.6379392,"logger":"fallback-logger","caller":"git/git.go:103","msg":"Successfully cloned https://github.com/cb-kubecd/environment-pr-183-33-boot-gke-production.git @ master in path /workspace/source"}

Showing logs for build [32mcb-kubecd-environment-pr-183-33-hllhc-1[0m stage [32mfrom-build-pack[0m and container [32mstep-git-merge[0m
Using SHAs from PULL_REFS=master:27672709972363fc95007a1c993e2ceb60fcc1cf,1:cd3997e3d7bd807acf66d5ff215e366db0509ce6
DEBUG: LC_ALL=C JX_LOG_LEVEL=error git fetch origin --unshallow cd3997e3d7bd807acf66d5ff215e366db0509ce6: 27672709972363fc95007a1c993e2ceb60fcc1cf:
DEBUG: ran git fetch --unshallow origin cd3997e3d7bd807acf66d5ff215e366db0509ce6: 27672709972363fc95007a1c993e2ceb60fcc1cf: in 
DEBUG: JX_LOG_LEVEL=error LC_ALL=C git branch
DEBUG: LC_ALL=C JX_LOG_LEVEL=error git checkout master
DEBUG: ran git checkout master in 
DEBUG: LC_ALL=C JX_LOG_LEVEL=error git reset --hard 27672709972363fc95007a1c993e2ceb60fcc1cf
DEBUG: ran git reset --hard 27672709972363fc95007a1c993e2ceb60fcc1cf in 
DEBUG: LC_ALL=C JX_LOG_LEVEL=error git clean -fd .
DEBUG: ran clean --force -d . in 
DEBUG: LC_ALL=C JX_LOG_LEVEL=error git merge cd3997e3d7bd807acf66d5ff215e366db0509ce6
DEBUG: ran git merge cd3997e3d7bd807acf66d5ff215e366db0509ce6 in 
DEBUG: LC_ALL=C JX_LOG_LEVEL=error git log --format=%H%x1f%an%x1f%ae%x1f%cn%x1f%ce%x1f%s%n%b%x1e 27672709972363fc95007a1c993e2ceb60fcc1cf..HEAD
Merged SHA cd3997e3d7bd807acf66d5ff215e366db0509ce6 with commit message 'chore: Promote bdd-spring-1584426487 to version 0.0.1' into base branch master

Showing logs for build [32mcb-kubecd-environment-pr-183-33-hllhc-1[0m stage [32mfrom-build-pack[0m and container [32mstep-build-helm-build[0m
WARNING: No $CHART_REPOSITORY defined so using the default value of: http://jenkins-x-chartmuseum:8080
Adding missing Helm repo: storage.googleapis.com https://storage.googleapis.com/chartmuseum.jenkins-x.io
WARNING: No secrets found on "helm/repos" due: reading the secret "helm/repos" from vault: no secret "helm/repos" not found in vault
Read credentials for https://storage.googleapis.com/chartmuseum.jenkins-x.io from vault helm/repos
Successfully added Helm repository storage.googleapis.com.
Adding missing Helm repo: jenkins-x-chartmuseum http://jenkins-x-chartmuseum:8080
WARNING: No secrets found on "helm/repos" due: reading the secret "helm/repos" from vault: no secret "helm/repos" not found in vault
Read credentials for http://jenkins-x-chartmuseum:8080 from vault helm/repos
Successfully added Helm repository jenkins-x-chartmuseum.
WARNING: No $CHART_REPOSITORY defined so using the default value of: http://jenkins-x-chartmuseum:8080
Adding missing Helm repo: chartmuseum.jenkins-x.io http://chartmuseum.jenkins-x.io
WARNING: No secrets found on "helm/repos" due: reading the secret "helm/repos" from vault: no secret "helm/repos" not found in vault
Read credentials for http://chartmuseum.jenkins-x.io from vault helm/repos
Successfully added Helm repository chartmuseum.jenkins-x.io.
